{
  "stats": {
    "suites": 1,
    "tests": 1,
    "passes": 0,
    "pending": 0,
    "failures": 1,
    "start": "2020-08-06T07:08:11.151Z",
    "end": "2020-08-06T07:08:49.556Z",
    "duration": 38405,
    "testsRegistered": 1,
    "passPercent": 0,
    "pendingPercent": 0,
    "other": 0,
    "hasOther": false,
    "skipped": 0,
    "hasSkipped": false
  },
  "results": [
    {
      "uuid": "c9ba8e07-6428-4577-b02f-f348277440b0",
      "title": "",
      "fullFile": "",
      "file": "",
      "beforeHooks": [],
      "afterHooks": [],
      "tests": [],
      "suites": [
        {
          "uuid": "56c0911e-d681-48fa-9735-0c29c29da1c3",
          "title": "UseCase 01 - Organization Structure",
          "fullFile": "",
          "file": "",
          "beforeHooks": [],
          "afterHooks": [],
          "tests": [
            {
              "title": "TC03 - User should be able to create a transformation opportunity successfully",
              "fullTitle": "UseCase 01 - Organization Structure TC03 - User should be able to create a transformation opportunity successfully",
              "timedOut": null,
              "duration": 34138,
              "state": "failed",
              "speed": null,
              "pass": false,
              "fail": true,
              "pending": false,
              "context": null,
              "code": "var _this3 = this;\ncy.log('We are in the third test');\ncy.get('.process-repository').click();\ncy.log('Process Repository page has been clicked');\ncy.wait(2000);\ncy.get('.MuiTab-wrapper').should('have.text', 'Transformation');\ncy.get('.MuiButton-label > .MuiSvgIcon-root > path').click({\n  force: true\n});\nconsole.log('Add Process has been clicked'); // Enter the Process Name\ncy.get('#outlined-basic').type(this.info.process_name); // Click on the Level 1 Workspace drop down\ncy.get(':nth-child(7) > :nth-child(1) > :nth-child(1) > .MuiInputBase-root > .MuiSelect-root').click(); // Select 'Parent Domain from the Sub Domain list\ncy.get('li').contains(this.info.subdomain).trigger('mouseover').click({\n  force: true\n});\ncy.log('***** SUB DOMAIN HAS BEEN SELECTED SUCCESSFULLY *****');\ncy.wait(500); // Click on Process Group Drop Down\ncy.get(':nth-child(2) > .MuiInputBase-root > .MuiSelect-root').click();\ncy.wait(500); // Select 'RCA Group' from the Process Group list\ncy.get('li').contains(this.info.group).trigger('mouseover').click({\n  force: true\n});\ncy.log('***** PROCESS GROUP HAS BEEN SELECTED SUCCESSFULLY *****');\ncy.wait(500); // Select the stage\ncy.get('.MuiSelect-root.MuiSelect-select.MuiSelect-selectMenu.MuiSelect-outlined.MuiInputBase-input.MuiOutlinedInput-input').eq(2).click();\ncy.get('li').contains(this.info.stage).trigger('mouseover').click({\n  force: true\n});\ncy.log('***** STAGE HAS BEEN SELECTED SUCCESSFULLY *****'); // Select the Process Start Date\ncy.get('.MuiInputBase-input.MuiOutlinedInput-input').eq(5).click();\nvar startDate = Cypress.moment().subtract(1, 'year').subtract(1, 'month').add(1, 'day').format('YYYY-MM-DD');\nconsole.log(\"Start date calculated is : \", startDate);\ncy.get('.MuiInputBase-input.MuiOutlinedInput-input').eq(5).type(startDate);\nconsole.log(\"Start Date has beeen selected successfully\"); // Select the Process End Date\ncy.get('.MuiInputBase-input.MuiOutlinedInput-input').eq(6).click();\nvar endDate = Cypress.moment().add(5, 'year').subtract(1, 'month').add(1, 'day').format('YYYY-MM-DD');\nconsole.log(\"End date calculated is : \", endDate);\ncy.get('.MuiInputBase-input.MuiOutlinedInput-input').eq(6).type(endDate);\nconsole.log(\"End Date has beeen selected successfully\");\ncy.log('***** PROCESS START AND END DATES ARE SELECTED *****');\ncy.wait(500);\ncy.get('.MuiButton-label').eq(2).should('have.text', 'Create').click();\ncy.log('################ NEW PROCESS IS CREATED SUCCESSFULLY ##############');\ncy.wait(1000);\ncy.get('[role=\"alert\"]').should('be.visible');\ncy.get('[role=\"alert\"]').contains(this.info.process_msg).invoke('text').then(function (text) {\n  var toastText = text;\n  expect(toastText).to.equal(_this3.info.process_msg);\n});\ncy.log('################ NEW PROCESS IS CREATED SUCCESSFULLY ##############');",
              "err": {
                "message": "CypressError: Timed out retrying: cy.click() failed because this element is not visible:\n\n<span class=\"MuiButton-label\">Create</span>\n\nThis element '<span.MuiButton-label>' is not visible because it has CSS property: 'position: fixed' and its being covered by another element:\n\n<div class=\"MuiDialogActions-root MuiDialogActions-spacing\" style=\"background-color: rgb(249, 249, 249);\">...</div>\n\nFix this problem, or use {force: true} to disable error checking.\n\nhttps://on.cypress.io/element-cannot-be-interacted-with",
                "estack": "CypressError: Timed out retrying: cy.click() failed because this element is not visible:\n\n<span class=\"MuiButton-label\">Create</span>\n\nThis element '<span.MuiButton-label>' is not visible because it has CSS property: 'position: fixed' and its being covered by another element:\n\n<div class=\"MuiDialogActions-root MuiDialogActions-spacing\" style=\"background-color: rgb(249, 249, 249);\">...</div>\n\nFix this problem, or use {force: true} to disable error checking.\n\nhttps://on.cypress.io/element-cannot-be-interacted-with\n    at Object.cypressErr (https://weyland-corp-stg.eveapp.net/__cypress/runner/cypress_runner.js:104940:11)\n    at Object.throwErr (https://weyland-corp-stg.eveapp.net/__cypress/runner/cypress_runner.js:104895:18)\n    at Object.throwErrByPath (https://weyland-corp-stg.eveapp.net/__cypress/runner/cypress_runner.js:104927:17)\n    at Object.retry (https://weyland-corp-stg.eveapp.net/__cypress/runner/cypress_runner.js:96263:16)\n    at retryActionability (https://weyland-corp-stg.eveapp.net/__cypress/runner/cypress_runner.js:85007:19)\n    at tryCatcher (https://weyland-corp-stg.eveapp.net/__cypress/runner/cypress_runner.js:138979:23)\n    at Function.Promise.attempt.Promise.try (https://weyland-corp-stg.eveapp.net/__cypress/runner/cypress_runner.js:136254:29)\n    at tryFn (https://weyland-corp-stg.eveapp.net/__cypress/runner/cypress_runner.js:96721:21)\n    at whenStable (https://weyland-corp-stg.eveapp.net/__cypress/runner/cypress_runner.js:96756:12)\n    at https://weyland-corp-stg.eveapp.net/__cypress/runner/cypress_runner.js:96306:16\n    at tryCatcher (https://weyland-corp-stg.eveapp.net/__cypress/runner/cypress_runner.js:138979:23)\n    at Promise._settlePromiseFromHandler (https://weyland-corp-stg.eveapp.net/__cypress/runner/cypress_runner.js:136915:31)\n    at Promise._settlePromise (https://weyland-corp-stg.eveapp.net/__cypress/runner/cypress_runner.js:136972:18)\n    at Promise._settlePromise0 (https://weyland-corp-stg.eveapp.net/__cypress/runner/cypress_runner.js:137017:10)\n    at Promise._settlePromises (https://weyland-corp-stg.eveapp.net/__cypress/runner/cypress_runner.js:137096:18)\n    at Promise._fulfill (https://weyland-corp-stg.eveapp.net/__cypress/runner/cypress_runner.js:137041:18)",
                "diff": null
              },
              "uuid": "a9c9b26c-4c3f-4432-a7b3-083e9171bf6b",
              "parentUUID": "56c0911e-d681-48fa-9735-0c29c29da1c3",
              "isHook": false,
              "skipped": false
            }
          ],
          "suites": [],
          "passes": [],
          "failures": [
            "a9c9b26c-4c3f-4432-a7b3-083e9171bf6b"
          ],
          "pending": [],
          "skipped": [],
          "duration": 34138,
          "root": false,
          "rootEmpty": false,
          "_timeout": 2000
        }
      ],
      "passes": [],
      "failures": [],
      "pending": [],
      "skipped": [],
      "duration": 0,
      "root": true,
      "rootEmpty": true,
      "_timeout": 2000
    }
  ],
  "meta": {
    "mocha": {
      "version": "5.2.0"
    },
    "mochawesome": {
      "options": {
        "quiet": false,
        "reportFilename": "report",
        "saveHtml": true,
        "saveJson": true,
        "consoleReporter": "spec",
        "useInlineDiffs": false
      },
      "version": "4.1.0"
    },
    "marge": {
      "options": {
        "charts": false,
        "html": true,
        "json": true,
        "reportDir": "cypress/reports",
        "reportFilename": "report",
        "overwrite": true,
        "timestamp": "mmddyyyy_HHMMss"
      },
      "version": "4.1.0"
    }
  }
}