{
  "stats": {
    "suites": 1,
    "tests": 10,
    "passes": 9,
    "pending": 0,
    "failures": 1,
    "start": "2020-08-06T10:11:30.759Z",
    "end": "2020-08-06T10:14:57.601Z",
    "duration": 206842,
    "testsRegistered": 10,
    "passPercent": 90,
    "pendingPercent": 0,
    "other": 0,
    "hasOther": false,
    "skipped": 0,
    "hasSkipped": false
  },
  "results": [
    {
      "uuid": "b193d5b4-5914-456c-b8d4-b0dc4f072e22",
      "title": "",
      "fullFile": "",
      "file": "",
      "beforeHooks": [],
      "afterHooks": [],
      "tests": [],
      "suites": [
        {
          "uuid": "75fc03b9-e686-489a-88a4-a8a651287826",
          "title": "UseCase 01 - Organization Structure",
          "fullFile": "",
          "file": "",
          "beforeHooks": [],
          "afterHooks": [],
          "tests": [
            {
              "title": "TC01 - User should be able to create LEVEL - 1 process group successfully",
              "fullTitle": "UseCase 01 - Organization Structure TC01 - User should be able to create LEVEL - 1 process group successfully",
              "timedOut": null,
              "duration": 20341,
              "state": "passed",
              "speed": "slow",
              "pass": true,
              "fail": false,
              "pending": false,
              "context": null,
              "code": "var _this = this;\n// Should be on a new URL which includes '/automation'\ncy.url().should('include', '/home');\ncy.wait(1500);\ncy.get('.process-repository').click();\ncy.log('Process Repository page has been clicked');\ncy.wait(300);\ncy.get('.org-structure-icon > .MuiSvgIcon-root').click({\n  force: true\n});\ncy.log('***** ORGANISATION STRUCTURE HAS BEEN CLICKED *****');\nCypress.on('uncaught:exception', function (err, runnable) {\n  // returning false here prevents Cypress from\n  // failing the test\n  return false;\n});\ncy.get('.org-structure-title-text').contains(this.info.org_title).invoke('text').then(function (text) {\n  var headingTitle = text;\n  expect(headingTitle).to.equal(_this.info.org_title);\n  cy.log('***** ORG STRUCTURE PAGE IS OPENED SUCCESSFULLY *****');\n  cy.wait(800);\n  cy.get('.head-map-leve1-container > .heat-map-item-list > :nth-child(n)').children().last().scrollIntoView();\n  cy.get('#process-repository-ds > div.processes-content.row > div > div > div > div > div.heat-map > div > div.group-container.head-map-leve1-container > div.heat-map-item-list.group-list-section.bottom-border-line > div:nth-child(n) > div > div > div:nth-child(2)').click({\n    force: true\n  });\n  cy.log('**** Add new button in the first row has been clicked ****');\n  cy.wait(300);\n  cy.get('input.new-item-input').type(_this.info.subdomain);\n  cy.get('.save-item-btn').click();\n  cy.log('***** SUB DOMAIN HAS BEEN ADDED SUCCESSFULLY');\n  cy.wait(300);\n  cy.get('[role=\"alert\"]').should('be.visible');\n  cy.get('[role=\"alert\"]').contains(_this.info.group_msg).invoke('text').then(function (text) {\n    var domainText = text;\n    expect(domainText).to.equal(_this.info.group_msg);\n  });\n});",
              "err": {},
              "uuid": "5e4053b8-ca35-4854-8aec-f5fc39765343",
              "parentUUID": "75fc03b9-e686-489a-88a4-a8a651287826",
              "isHook": false,
              "skipped": false
            },
            {
              "title": "TC02 - User should be able to create LEVEL - 2 process group successfully",
              "fullTitle": "UseCase 01 - Organization Structure TC02 - User should be able to create LEVEL - 2 process group successfully",
              "timedOut": null,
              "duration": 13933,
              "state": "passed",
              "speed": "slow",
              "pass": true,
              "fail": false,
              "pending": false,
              "context": null,
              "code": "var _this2 = this;\ncy.log('We are in the second test');\ncy.get('.process-repository').click();\ncy.log('Process Repository page has been clicked');\ncy.wait(300);\ncy.get('.org-structure-icon > .MuiSvgIcon-root').click({\n  force: true\n});\ncy.log('***** ORGANISATION STRUCTURE HAS BEEN CLICKED *****');\nCypress.on('uncaught:exception', function (err, runnable) {\n  // returning false here prevents Cypress from\n  // failing the test\n  return false;\n});\ncy.wait(900);\ncy.get('.heat-map-item-container.heat-map-leve1.item-scale-empty').should('contain.text', this.info.subdomain);\ncy.log('Identified the L1');\ncy.get('#process-repository-ds > div.processes-content.row > div > div > div > div > div.heat-map > div > div.group-container.head-map-leve2-container > div.group-list-section.head-map-leve2-container > div:nth-child(n) > div:nth-child(1) > div').children('div.add-new-item').click({\n  force: true\n});\ncy.wait(800);\ncy.get('input.new-item-input').type(this.info.group);\ncy.get('.save-item-btn').click();\ncy.log('***** PROCESS GROUP HAS BEEN ADDED SUCCESSFULLY');\ncy.wait(800);\ncy.get('[role=\"alert\"]').should('be.visible');\ncy.get('[role=\"alert\"]').contains(this.info.group_msg).invoke('text').then(function (text) {\n  var processText = text;\n  expect(processText).to.equal(_this2.info.group_msg);\n});",
              "err": {},
              "uuid": "f5fd639a-508b-4a5c-b99e-a3bc24aa31a6",
              "parentUUID": "75fc03b9-e686-489a-88a4-a8a651287826",
              "isHook": false,
              "skipped": false
            },
            {
              "title": "TC03 - User should be able to create a transformation opportunity successfully",
              "fullTitle": "UseCase 01 - Organization Structure TC03 - User should be able to create a transformation opportunity successfully",
              "timedOut": null,
              "duration": 26964,
              "state": "passed",
              "speed": "slow",
              "pass": true,
              "fail": false,
              "pending": false,
              "context": null,
              "code": "var _this3 = this;\ncy.log('We are in the third test');\ncy.get('.process-repository').click();\ncy.log('Process Repository page has been clicked');\ncy.wait(2000);\nif (cy.get('.MuiTabs-flexContainer').children().should('have.length', 2)) {\n  cy.get('.MuiTabs-flexContainer').children().last().click({\n    force: true\n  });\n} else {\n  cy.get('.MuiTab-wrapper').should('have.text', 'Transformation').click();\n}\ncy.get('.MuiButton-label > .MuiSvgIcon-root > path').click({\n  force: true\n});\nconsole.log('Add Process has been clicked'); // Enter the Process Name\ncy.get('#outlined-basic').type(this.info.process_name); // Click on the Level 1 Workspace drop down\ncy.get(':nth-child(7) > :nth-child(1) > :nth-child(1) > .MuiInputBase-root > .MuiSelect-root').click(); // Select 'Parent Domain from the Sub Domain list\ncy.get('li').contains(this.info.subdomain).trigger('mouseover').click({\n  force: true\n});\ncy.log('***** SUB DOMAIN HAS BEEN SELECTED SUCCESSFULLY *****');\ncy.wait(500); // Click on Process Group Drop Down\ncy.get(':nth-child(2) > .MuiInputBase-root > .MuiSelect-root').click();\ncy.wait(500); // Select 'RCA Group' from the Process Group list\ncy.get('li').contains(this.info.group).trigger('mouseover').click({\n  force: true\n});\ncy.log('***** PROCESS GROUP HAS BEEN SELECTED SUCCESSFULLY *****');\ncy.wait(500); // Select the stage\ncy.get('.MuiSelect-root.MuiSelect-select.MuiSelect-selectMenu.MuiSelect-outlined.MuiInputBase-input.MuiOutlinedInput-input').eq(2).click();\ncy.get('li').contains(this.info.stage).trigger('mouseover').click({\n  force: true\n});\ncy.log('***** STAGE HAS BEEN SELECTED SUCCESSFULLY *****'); // Select the Process Start Date\ncy.get('.MuiInputBase-input.MuiOutlinedInput-input').eq(5).click();\nvar startDate = Cypress.moment().subtract(1, 'year').subtract(1, 'month').add(1, 'day').format('YYYY-MM-DD');\nconsole.log(\"Start date calculated is : \", startDate);\ncy.get('.MuiInputBase-input.MuiOutlinedInput-input').eq(5).type(startDate);\nconsole.log(\"Start Date has beeen selected successfully\"); // Select the Process End Date\ncy.get('.MuiInputBase-input.MuiOutlinedInput-input').eq(6).click();\nvar endDate = Cypress.moment().add(5, 'year').subtract(1, 'month').add(1, 'day').format('YYYY-MM-DD');\nconsole.log(\"End date calculated is : \", endDate);\ncy.get('.MuiInputBase-input.MuiOutlinedInput-input').eq(6).type(endDate);\nconsole.log(\"End Date has beeen selected successfully\");\ncy.log('***** PROCESS START AND END DATES ARE SELECTED *****');\ncy.wait(500);\ncy.get('.MuiButton-label').eq(2).should('have.text', 'Create').click();\ncy.log('################ NEW PROCESS IS CREATED SUCCESSFULLY ##############');\ncy.wait(1000);\ncy.get('[role=\"alert\"]').should('be.visible');\ncy.get('[role=\"alert\"]').contains(this.info.process_msg).invoke('text').then(function (text) {\n  var toastText = text;\n  expect(toastText).to.equal(_this3.info.process_msg);\n});\ncy.log('################ NEW PROCESS IS CREATED SUCCESSFULLY ##############');\ncy.get('.Toastify__close-button.Toastify__close-button--success').click({\n  force: true\n});\ncy.get('.profile-icon > .toggle-menu').click({\n  force: true\n});\ncy.get('.logout').click();\ncy.wait(500);\ncy.get('.confirm').click();\ncy.wait(3000);\ncy.url().should('include', 'login');",
              "err": {},
              "uuid": "8c147ef7-f045-43a0-a4ae-3d50baae03e4",
              "parentUUID": "75fc03b9-e686-489a-88a4-a8a651287826",
              "isHook": false,
              "skipped": false
            },
            {
              "title": "TC04 - User should be able to search for an opportunity successfully",
              "fullTitle": "UseCase 01 - Organization Structure TC04 - User should be able to search for an opportunity successfully",
              "timedOut": null,
              "duration": 12814,
              "state": "passed",
              "speed": "slow",
              "pass": true,
              "fail": false,
              "pending": false,
              "context": null,
              "code": "var _this4 = this;\ncy.log('We are in the fourth test');\ncy.get('.process-repository').click();\ncy.log('Process Repository page has been clicked');\ncy.wait(2000);\nif (cy.get('.MuiTabs-flexContainer').children().should('have.length', 2)) {\n  cy.get('.MuiTabs-flexContainer').children().last().click({\n    force: true\n  });\n} else {\n  cy.get('.MuiTab-wrapper').should('have.text', 'Transformation').click();\n}\ncy.get('.MuiInputBase-input.MuiInput-input.MuiInputBase-inputAdornedStart.MuiInputBase-inputAdornedEnd').click({\n  force: true\n}).type(this.info.process_name);\ncy.wait(500);\ncy.get('.MuiTableCell-root.MuiTableCell-body.MuiTableCell-alignLeft').eq(0).contains(this.info.process_name).invoke('text').then(function (text) {\n  var proName = text;\n  expect(proName).to.equal(_this4.info.process_name);\n  cy.log('***** PROCESS YOU ARE LOOKING FOR IS FOUND IN THE EVE APP *****');\n});",
              "err": {},
              "uuid": "a5a03d7a-c8e2-4853-801a-df1ae409a9e7",
              "parentUUID": "75fc03b9-e686-489a-88a4-a8a651287826",
              "isHook": false,
              "skipped": false
            },
            {
              "title": "TC05 - User should be able to assign an owner to his opportunity successfully",
              "fullTitle": "UseCase 01 - Organization Structure TC05 - User should be able to assign an owner to his opportunity successfully",
              "timedOut": null,
              "duration": 27479,
              "state": "passed",
              "speed": "slow",
              "pass": true,
              "fail": false,
              "pending": false,
              "context": null,
              "code": "var _this5 = this;\ncy.log('We are in the fifth test');\ncy.get('.process-repository').click();\ncy.log('Process Repository page has been clicked');\ncy.wait(2000);\nif (cy.get('.MuiTabs-flexContainer').children().should('have.length', 2)) {\n  cy.get('.MuiTabs-flexContainer').children().last().click({\n    force: true\n  });\n} else {\n  cy.get('.MuiTab-wrapper').should('have.text', 'Transformation').click();\n}\ncy.get('.MuiInputBase-input.MuiInput-input.MuiInputBase-inputAdornedStart.MuiInputBase-inputAdornedEnd').click({\n  force: true\n}).type(this.info.process_name);\ncy.get('.MuiTableCell-root.MuiTableCell-body.MuiTableCell-alignLeft').eq(5).children().children().first().find('a').click();\nconsole.log(\"Edit icon is clicked successfully\"); // Click on DETAILS TAB\ncy.get('#control-tabs-tab-details').click({\n  force: true\n});\ncy.wait(1000);\ncy.get('.switch > label').click({\n  force: true\n});\ncy.wait(500);\ncy.log('***** EDIT MODE IS ENABLED *****');\ncy.get(':nth-child(1) > .form-group > .process-edit-ctrl-label > .process-edit-label > .no-padding > .edit-button > svg > path').click({\n  force: true\n});\ncy.get('.modal-header').should('be.visible');\ncy.get('.add-user-title').contains(this.info.owner_title).invoke('text').then(function (text) {\n  expect(text).to.equal(_this5.info.owner_title);\n  cy.get('#search-user-profile').focus().type(_this5.info.owner);\n  cy.wait(500);\n  cy.get('div.fade.add-user.in.modal > div > div > div.add-user-modal-body.modal-body > div:nth-child(1) > div > div > div > div.user-op-col.col-sm-2 > div > button').click();\n  cy.wait(500);\n  cy.get(':nth-child(3) > .no-padding > .form-group > .btn-primary').click();\n  cy.wait(200);\n  cy.get('.btn.btn-primary').click();\n  cy.wait(200);\n  cy.get('.profile-icon > .toggle-menu').click();\n  cy.get('.logout').click();\n  cy.wait(500);\n  cy.get('.confirm').click();\n  cy.wait(3000);\n  cy.url().should('include', 'login');\n  cy.log('*****  OWNER HAS BEEN ADDED TO PROCESS SUCCESSFULLY *****');\n});",
              "err": {},
              "uuid": "0c1729e8-cb70-4eaf-ae84-684a578eb815",
              "parentUUID": "75fc03b9-e686-489a-88a4-a8a651287826",
              "isHook": false,
              "skipped": false
            },
            {
              "title": "TC06 - User should be able to assign a SME to his opportunity successfully",
              "fullTitle": "UseCase 01 - Organization Structure TC06 - User should be able to assign a SME to his opportunity successfully",
              "timedOut": null,
              "duration": 25265,
              "state": "passed",
              "speed": "slow",
              "pass": true,
              "fail": false,
              "pending": false,
              "context": null,
              "code": "var _this6 = this;\ncy.log('We are in the sixth test');\ncy.get('.process-repository').click();\ncy.log('Process Repository page has been clicked');\ncy.wait(2000);\nif (cy.get('.MuiTabs-flexContainer').children().should('have.length', 2)) {\n  cy.get('.MuiTabs-flexContainer').children().last().click({\n    force: true\n  });\n} else {\n  cy.get('.MuiTab-wrapper').should('have.text', 'Transformation').click();\n}\ncy.get('.MuiInputBase-input.MuiInput-input.MuiInputBase-inputAdornedStart.MuiInputBase-inputAdornedEnd').click({\n  force: true\n}).type(this.info.process_name);\ncy.get('.MuiTableCell-root.MuiTableCell-body.MuiTableCell-alignLeft').eq(5).children().children().first().find('a').click();\nconsole.log(\"Edit icon is clicked successfully\"); // Click on DETAILS TAB\ncy.get('#control-tabs-tab-details').click({\n  force: true\n});\ncy.wait(1000);\ncy.get('.switch > label').click({\n  force: true\n});\ncy.wait(500);\ncy.log('***** EDIT MODE IS ENABLED *****');\ncy.get(':nth-child(2) > .form-group > .process-edit-ctrl-label > .process-edit-label > .no-padding > .edit-button > svg > path').click({\n  force: true\n});\ncy.get('.modal-header').should('be.visible');\ncy.get('.add-user-title').contains(this.info.sme_title).invoke('text').then(function (text) {\n  expect(text).to.equal(_this6.info.sme_title);\n  cy.get('#search-user-profile').focus().type(_this6.info.sme);\n  cy.wait(500);\n  cy.get('div.fade.add-user.in.modal > div > div > div.add-user-modal-body.modal-body > div:nth-child(1) > div > div > div > div.user-op-col.col-sm-2 > div > button').click();\n  cy.wait(500);\n  cy.get(':nth-child(3) > .no-padding > .form-group > .btn-primary').click();\n  cy.log('*****  SME AND OWNER HAS BEEN ADDED TO PROCESS SUCCESSFULLY *****');\n  cy.wait(200);\n  cy.get('.btn.btn-primary').click();\n  cy.wait(200);\n  cy.get('.profile-icon > .toggle-menu').click();\n  cy.get('.logout').click();\n  cy.wait(500);\n  cy.get('.confirm').click();\n  cy.wait(3000);\n  cy.url().should('include', 'login');\n  cy.log('*****  SME HAS BEEN ADDED TO PROCESS SUCCESSFULLY *****');\n});",
              "err": {},
              "uuid": "b332cfcb-082e-43fe-9453-bdc7c532a1c4",
              "parentUUID": "75fc03b9-e686-489a-88a4-a8a651287826",
              "isHook": false,
              "skipped": false
            },
            {
              "title": "TC07 - User should be able to add a benefit driver successfully",
              "fullTitle": "UseCase 01 - Organization Structure TC07 - User should be able to add a benefit driver successfully",
              "timedOut": null,
              "duration": 23466,
              "state": "passed",
              "speed": "slow",
              "pass": true,
              "fail": false,
              "pending": false,
              "context": null,
              "code": "var _this7 = this;\ncy.log('We are in the seventh test');\ncy.get('.process-repository').click();\ncy.log('Process Repository page has been clicked');\ncy.wait(2000);\nif (cy.get('.MuiTabs-flexContainer').children().should('have.length', 2)) {\n  cy.get('.MuiTabs-flexContainer').children().last().click({\n    force: true\n  });\n} else {\n  cy.get('.MuiTab-wrapper').should('have.text', 'Transformation').click();\n}\ncy.get('.MuiInputBase-input.MuiInput-input.MuiInputBase-inputAdornedStart.MuiInputBase-inputAdornedEnd').click({\n  force: true\n}).type(this.info.process_name);\ncy.get('.MuiTableCell-root.MuiTableCell-body.MuiTableCell-alignLeft').eq(5).children().children().first().find('a').click();\nconsole.log(\"Edit icon is clicked successfully\"); // Click on BENEFITS TAB\ncy.get('#control-tabs-tab-benefits').click({\n  force: true\n});\ncy.wait(1000);\ncy.get(':nth-child(1) > .driver-panel > .panel-body > .pull-right').click();\ncy.log('***** TYPE A BENEFIT DRIVER HAS BEEN CLICKED UPON *****');\ncy.wait(1000); // Team FTEs\ncy.get('.input-group > #ftes').click({\n  force: true\n}).type(this.bd.ftes); // Working Weeks\ncy.get('input#working-weeks.form-control').click({\n  force: true\n}).type(this.bd.weeks_pa); // Working Days\ncy.get('input#working-days.form-control').click({\n  force: true\n}).type(this.bd.days_pw);\ncy.wait(500); // Average Working Hours\ncy.get('input#working-hours.form-control').click({\n  force: true\n}).type(this.bd.hours_pw); // Average Annual Salary\ncy.get('input#avg-annual-salary.form-control').click({\n  force: true\n}).type(this.bd.avg_salary); // Additional Cost\ncy.get('input#additional-cost.form-control').click({\n  force: true\n}).type(this.bd.add_cost); // FTE Efficiency\ncy.get('input#avg-efficiency.form-control').click({\n  force: true\n}).type(this.bd.fte_efficiency); // Transaction Metrics - Transaction Volume\ncy.get('input#avg-transaction-volume.form-control').click({\n  force: true\n}).type(this.bd.trns_volume); // Select the frequency\ncy.get('.caret').last().click({\n  force: true\n});\ncy.get('a').contains('Per day').click({\n  force: true\n});\ncy.log('Frequency drop-down is clicked'); // Standard Path\ncy.get('input#standard-path.form-control').click({\n  force: true\n}).type(this.bd.std_path); // PRe Auto processing time\ncy.get('input#pre_auto_processing_time.form-control').click({\n  force: true\n}).type(this.bd.pre_proc_time); // Standard Path Automatable\ncy.get('input#standard-path-automatable.form-control').click({\n  force: true\n}).type(this.bd.std_path_auto); // Post Automation Processing Time\ncy.get('input#post-automation-processing-time.form-control').click({\n  force: true\n}).type(this.bd.post_proc_time); // Expected Benefit Start Date\ncy.get('input#expected-benefit-start-date.form-control').click({\n  force: true\n});\nfor (var n = 0; n < 2; n++) {\n  cy.get('i.fas.fa-angle-right.eclair-cal-nav').click({\n    multiple: true\n  });\n} // Select a date upon navigating to 12 months \n\ncy.get('#date-picker-popover-0 > div.popover-content > table > tbody > tr:nth-child(3) > td:nth-child(1)').click(); // Click on SAVE\ncy.get('button.btn.btn-primary').contains('Save').click({\n  force: true\n});\ncy.wait(1000);\ncy.get('[role=\"alert\"]').should('be.visible');\ncy.get('[role=\"alert\"]').contains(\"Benefit driver added successfully\").invoke('text').then(function (text) {\n  var bd_success = text;\n  expect(bd_success).to.equal(_this7.bd.bd_msg);\n});\ncy.log('################ NEW PROCESS IS CREATED SUCCESSFULLY ##############');\ncy.log(\"***** BENEFIT DRIVER IS ADDED SUCCESSFULLY *****\");",
              "err": {},
              "uuid": "db46c8f1-7ba2-48e1-903f-925bdf03ea15",
              "parentUUID": "75fc03b9-e686-489a-88a4-a8a651287826",
              "isHook": false,
              "skipped": false
            },
            {
              "title": "TC08 - User should be able to update complexity successfully",
              "fullTitle": "UseCase 01 - Organization Structure TC08 - User should be able to update complexity successfully",
              "timedOut": null,
              "duration": 14243,
              "state": "passed",
              "speed": "slow",
              "pass": true,
              "fail": false,
              "pending": false,
              "context": null,
              "code": "cy.log('We are in the eigth test');\ncy.wait(500);\ncy.get('.process-repository').should('be.visible');\ncy.get('.process-repository').click();\ncy.log('Process Repository page has been clicked');\nif (cy.get('.MuiTabs-flexContainer').children().should('have.length', 2)) {\n  cy.get('.MuiTabs-flexContainer').children().last().click({\n    force: true\n  });\n} else {\n  cy.get('.MuiTab-wrapper').should('have.text', 'Transformation').click();\n}\ncy.get('.MuiInputBase-input.MuiInput-input.MuiInputBase-inputAdornedStart.MuiInputBase-inputAdornedEnd').click({\n  force: true\n}).type(this.info.process_name);\ncy.get('.MuiTableCell-root.MuiTableCell-body.MuiTableCell-alignLeft').eq(5).children().children().first().find('a').click();\nconsole.log(\"Edit icon is clicked successfully\"); // Click on COMPLEXITY TAB\ncy.get('#control-tabs-tab-complexity').click({\n  force: true\n}); // AVERAGE HANDLING TIME\nfor (var n = 0; n < 3; n++) {\n  cy.get('#process-repository-ds > div.processes-content.row > div > div > div > div.process-edit.col-md-12.col-sm-12 > div.process-edit-form.col-md-12.col-sm-12 > div > div.col-right > section:nth-child(1) > ul > div > li:nth-child(6) > div > button.add').click({\n    force: true\n  });\n} // Complexity - Average Handling Time should reflect the  updated data\n\ncy.get('.ave-time-input').should('have.value', this.bd.avg_time); // NUMBER OF VARIATIONS\ncy.get(':nth-child(1) > ul > :nth-child(1) > :nth-child(1) > .button-toggle > .add').click({\n  force: true\n});\ncy.log(\"***** COMPLEXITY VALUES ARE UPDATED *****\");",
              "err": {},
              "uuid": "5639190b-4297-4569-b5e7-4412a0b24cb5",
              "parentUUID": "75fc03b9-e686-489a-88a4-a8a651287826",
              "isHook": false,
              "skipped": false
            },
            {
              "title": "TC09 - Should update costs to process successfully",
              "fullTitle": "UseCase 01 - Organization Structure TC09 - Should update costs to process successfully",
              "timedOut": null,
              "duration": 19146,
              "state": "passed",
              "speed": "slow",
              "pass": true,
              "fail": false,
              "pending": false,
              "context": null,
              "code": "var _this8 = this;\ncy.log('We are in the ninth test');\ncy.wait(500);\ncy.get('.process-repository').should('be.visible');\ncy.get('.process-repository').click();\ncy.log('Process Repository page has been clicked');\nif (cy.get('.MuiTabs-flexContainer').children().should('have.length', 2)) {\n  cy.get('.MuiTabs-flexContainer').children().last().click({\n    force: true\n  });\n} else {\n  cy.get('.MuiTab-wrapper').should('have.text', 'Transformation').click();\n}\ncy.get('.MuiInputBase-input.MuiInput-input.MuiInputBase-inputAdornedStart.MuiInputBase-inputAdornedEnd').click({\n  force: true\n}).type(this.info.process_name);\ncy.get('.MuiTableCell-root.MuiTableCell-body.MuiTableCell-alignLeft').eq(5).children().children().first().find('a').click();\nconsole.log(\"Edit icon is clicked successfully\"); // Click on COSTS TAB\ncy.get('#control-tabs-tab-costs').click({\n  force: true\n});\ncy.wait(500);\ncy.get(':nth-child(1) > :nth-child(1) > .col-md-11 > .form-group > .dropdown').click();\ncy.get(\"#cost-type-dropdown0\").click(); // Select 'Resource' from the Cost Type dropdown list\ncy.get('li').contains(this.cost.cost_type).trigger('mouseover').click({\n  force: true\n}); // Type in the cost description\ncy.get(\"#cost-description-0\").click().type(this.cost.cost_description);\ncy.wait(200); // Type in Total Cost\ncy.get(\".input-group > #total-cost-0\").click({\n  force: true\n}).type(this.cost.total_cost); // click on the drop down \ncy.get(\"#total-cost-dropdown-0\").click(); // Select 'per day' from the Total Cost dropdown\ncy.get('li').contains(this.cost.frequency).trigger('mouseover').click({\n  force: true\n});\ncy.get(\".btn.btn-default\").eq(4).click({\n  force: true\n});\ncy.get(\".dropdown-toggle.btn.btn-success\").eq(1).click(); // Select a Payment Profile\ncy.get('li').contains(this.cost.payment_profile).trigger('mouseover').click({\n  force: true\n}); // Select the Cost Category\ncy.get(\".far.fa-circle\").eq(1).click();\ncy.get(\".btn.btn-primary\").contains('Save').click({\n  force: true\n});\ncy.wait(1000);\ncy.get('[role=\"alert\"]').should('be.visible');\ncy.get('[role=\"alert\"]').contains(this.cost.cost_msg).invoke('text').then(function (text) {\n  var cost_success = text;\n  expect(cost_success).to.equal(_this8.cost.cost_msg);\n});\ncy.log('################ COSTS HAVE BEEN ADDED SUCCESSFULLY ##############');",
              "err": {},
              "uuid": "36cc16a4-ec34-4995-801c-a821a2ca7fee",
              "parentUUID": "75fc03b9-e686-489a-88a4-a8a651287826",
              "isHook": false,
              "skipped": false
            },
            {
              "title": "TC10 - Opportunity should be allowed to delete successfully",
              "fullTitle": "UseCase 01 - Organization Structure TC10 - Opportunity should be allowed to delete successfully",
              "timedOut": null,
              "duration": 19583,
              "state": "failed",
              "speed": null,
              "pass": false,
              "fail": true,
              "pending": false,
              "context": null,
              "code": "var _this9 = this;\ncy.log('We are in the tenth test');\ncy.wait(500);\ncy.get('.process-repository').should('be.visible');\ncy.get('.process-repository').click();\ncy.log('Process Repository page has been clicked');\nif (cy.get('.MuiTabs-flexContainer').children().should('have.length', 2)) {\n  cy.get('.MuiTabs-flexContainer').children().last().click({\n    force: true\n  });\n} else {\n  cy.get('.MuiTab-wrapper').should('have.text', 'Transformation').click();\n}\ncy.get('.MuiInputBase-input.MuiInput-input.MuiInputBase-inputAdornedStart.MuiInputBase-inputAdornedEnd').click({\n  force: true\n}).type(this.info.process_name);\ncy.get('.MuiTableCell-root.MuiTableCell-body.MuiTableCell-alignLeft').eq(5).children().children().last().find('a').click();\nconsole.log(\"Delete icon is clicked successfully\");\ncy.get('.MuiButton-label').eq(6).click();\ncy.wait(1000);\ncy.get('[role=\"alert\"]').should('be.visible');\ncy.get('[role=\"alert\"]').contains(this.info.delete_msg).invoke('text').then(function (text) {\n  var cost_success = text;\n  expect(cost_success).to.equal(_this9.info.delete_msg);\n});\ncy.log('############### OPPORTUNITY HAVE BEEN DELETED SUCCESSFULLY ##############');\ncy.get('.profile-icon > .toggle-menu').click();\ncy.get('.logout').click();\ncy.wait(500);\ncy.get('.confirm').click();\ncy.wait(3000);\ncy.url().should('include', 'login');",
              "err": {
                "message": "CypressError: Timed out retrying: cy.click() failed because this element is not visible:\n\n<div class=\"toggle-menu \">vd</div>\n\nThis element '<div.toggle-menu.>' is not visible because it has CSS property: 'position: fixed' and its being covered by another element:\n\n<div class=\"Toastify__toast Toastify__toast--success\" style=\"\">...</div>\n\nFix this problem, or use {force: true} to disable error checking.\n\nhttps://on.cypress.io/element-cannot-be-interacted-with",
                "estack": "CypressError: Timed out retrying: cy.click() failed because this element is not visible:\n\n<div class=\"toggle-menu \">vd</div>\n\nThis element '<div.toggle-menu.>' is not visible because it has CSS property: 'position: fixed' and its being covered by another element:\n\n<div class=\"Toastify__toast Toastify__toast--success\" style=\"\">...</div>\n\nFix this problem, or use {force: true} to disable error checking.\n\nhttps://on.cypress.io/element-cannot-be-interacted-with\n    at Object.cypressErr (https://magneto-qa.eveapp.net/__cypress/runner/cypress_runner.js:104940:11)\n    at Object.throwErr (https://magneto-qa.eveapp.net/__cypress/runner/cypress_runner.js:104895:18)\n    at Object.throwErrByPath (https://magneto-qa.eveapp.net/__cypress/runner/cypress_runner.js:104927:17)\n    at Object.retry (https://magneto-qa.eveapp.net/__cypress/runner/cypress_runner.js:96263:16)\n    at retryActionability (https://magneto-qa.eveapp.net/__cypress/runner/cypress_runner.js:85007:19)\n    at tryCatcher (https://magneto-qa.eveapp.net/__cypress/runner/cypress_runner.js:138979:23)\n    at Function.Promise.attempt.Promise.try (https://magneto-qa.eveapp.net/__cypress/runner/cypress_runner.js:136254:29)\n    at tryFn (https://magneto-qa.eveapp.net/__cypress/runner/cypress_runner.js:96721:21)\n    at whenStable (https://magneto-qa.eveapp.net/__cypress/runner/cypress_runner.js:96756:12)\n    at https://magneto-qa.eveapp.net/__cypress/runner/cypress_runner.js:96306:16\n    at tryCatcher (https://magneto-qa.eveapp.net/__cypress/runner/cypress_runner.js:138979:23)\n    at Promise._settlePromiseFromHandler (https://magneto-qa.eveapp.net/__cypress/runner/cypress_runner.js:136915:31)\n    at Promise._settlePromise (https://magneto-qa.eveapp.net/__cypress/runner/cypress_runner.js:136972:18)\n    at Promise._settlePromise0 (https://magneto-qa.eveapp.net/__cypress/runner/cypress_runner.js:137017:10)\n    at Promise._settlePromises (https://magneto-qa.eveapp.net/__cypress/runner/cypress_runner.js:137096:18)\n    at Promise._fulfill (https://magneto-qa.eveapp.net/__cypress/runner/cypress_runner.js:137041:18)",
                "diff": null
              },
              "uuid": "35367011-0098-49ad-9d10-dadd51e6272b",
              "parentUUID": "75fc03b9-e686-489a-88a4-a8a651287826",
              "isHook": false,
              "skipped": false
            }
          ],
          "suites": [],
          "passes": [
            "5e4053b8-ca35-4854-8aec-f5fc39765343",
            "f5fd639a-508b-4a5c-b99e-a3bc24aa31a6",
            "8c147ef7-f045-43a0-a4ae-3d50baae03e4",
            "a5a03d7a-c8e2-4853-801a-df1ae409a9e7",
            "0c1729e8-cb70-4eaf-ae84-684a578eb815",
            "b332cfcb-082e-43fe-9453-bdc7c532a1c4",
            "db46c8f1-7ba2-48e1-903f-925bdf03ea15",
            "5639190b-4297-4569-b5e7-4412a0b24cb5",
            "36cc16a4-ec34-4995-801c-a821a2ca7fee"
          ],
          "failures": [
            "35367011-0098-49ad-9d10-dadd51e6272b"
          ],
          "pending": [],
          "skipped": [],
          "duration": 203234,
          "root": false,
          "rootEmpty": false,
          "_timeout": 2000
        }
      ],
      "passes": [],
      "failures": [],
      "pending": [],
      "skipped": [],
      "duration": 0,
      "root": true,
      "rootEmpty": true,
      "_timeout": 2000
    }
  ],
  "meta": {
    "mocha": {
      "version": "5.2.0"
    },
    "mochawesome": {
      "options": {
        "quiet": false,
        "reportFilename": "report",
        "saveHtml": true,
        "saveJson": true,
        "consoleReporter": "spec",
        "useInlineDiffs": false
      },
      "version": "4.1.0"
    },
    "marge": {
      "options": {
        "charts": false,
        "html": true,
        "json": true,
        "reportDir": "cypress/reports",
        "reportFilename": "report",
        "overwrite": true,
        "timestamp": "mmddyyyy_HHMMss"
      },
      "version": "4.1.0"
    }
  }
}