{
  "stats": {
    "suites": 1,
    "tests": 1,
    "passes": 1,
    "pending": 0,
    "failures": 0,
    "start": "2020-08-06T07:56:45.471Z",
    "end": "2020-08-06T07:57:16.208Z",
    "duration": 30737,
    "testsRegistered": 1,
    "passPercent": 100,
    "pendingPercent": 0,
    "other": 0,
    "hasOther": false,
    "skipped": 0,
    "hasSkipped": false
  },
  "results": [
    {
      "uuid": "d66e6451-605b-4c6a-a970-89d213fa47aa",
      "title": "",
      "fullFile": "",
      "file": "",
      "beforeHooks": [],
      "afterHooks": [],
      "tests": [],
      "suites": [
        {
          "uuid": "b8c4f35d-ddbc-4c1d-b605-e36d8604b81e",
          "title": "UseCase 01 - Organization Structure",
          "fullFile": "",
          "file": "",
          "beforeHooks": [],
          "afterHooks": [],
          "tests": [
            {
              "title": "TC01 - User should be able to create LEVEL - 1 process group successfully",
              "fullTitle": "UseCase 01 - Organization Structure TC01 - User should be able to create LEVEL - 1 process group successfully",
              "timedOut": null,
              "duration": 27896,
              "state": "passed",
              "speed": "slow",
              "pass": true,
              "fail": false,
              "pending": false,
              "context": null,
              "code": "var _this = this;\n// Should be on a new URL which includes '/automation'\ncy.url().should('include', '/home');\ncy.wait(1500);\ncy.get('.process-repository').click();\ncy.log('Process Repository page has been clicked');\ncy.wait(300);\ncy.get('.org-structure-icon > .MuiSvgIcon-root').click({\n  force: true\n});\ncy.log('***** ORGANISATION STRUCTURE HAS BEEN CLICKED *****');\nCypress.on('uncaught:exception', function (err, runnable) {\n  // returning false here prevents Cypress from\n  // failing the test\n  return false;\n});\ncy.get('.org-structure-title-text').contains(this.info.org_title).invoke('text').then(function (text) {\n  var headingTitle = text;\n  expect(headingTitle).to.equal(_this.info.org_title);\n  cy.log('***** ORG STRUCTURE PAGE IS OPENED SUCCESSFULLY *****');\n  cy.wait(2000);\n  cy.get('.head-map-leve1-container > .heat-map-item-list > :nth-child(n)').children().last().scrollIntoView();\n  cy.get('#process-repository-ds > div.processes-content.row > div > div > div > div > div.heat-map > div > div.group-container.head-map-leve1-container > div.heat-map-item-list.group-list-section.bottom-border-line > div:nth-child(n) > div > div > div:nth-child(2)').click({\n    force: true\n  });\n  cy.log('**** Add new button in the first row has been clicked ****');\n  cy.wait(1000);\n  cy.get('input.new-item-input').type(_this.info.subdomain);\n  cy.get('.save-item-btn').click();\n  cy.log('***** SUB DOMAIN HAS BEEN ADDED SUCCESSFULLY');\n  cy.wait(1000);\n  cy.get('[role=\"alert\"]').should('be.visible');\n  cy.get('[role=\"alert\"]').contains(_this.info.group_msg).invoke('text').then(function (text) {\n    var domainText = text;\n    expect(domainText).to.equal(_this.info.group_msg);\n  });\n});",
              "err": {},
              "uuid": "e7faf00f-fc6b-4e02-a238-3a84701cf603",
              "parentUUID": "b8c4f35d-ddbc-4c1d-b605-e36d8604b81e",
              "isHook": false,
              "skipped": false
            }
          ],
          "suites": [],
          "passes": [
            "e7faf00f-fc6b-4e02-a238-3a84701cf603"
          ],
          "failures": [],
          "pending": [],
          "skipped": [],
          "duration": 27896,
          "root": false,
          "rootEmpty": false,
          "_timeout": 2000
        }
      ],
      "passes": [],
      "failures": [],
      "pending": [],
      "skipped": [],
      "duration": 0,
      "root": true,
      "rootEmpty": true,
      "_timeout": 2000
    }
  ],
  "meta": {
    "mocha": {
      "version": "5.2.0"
    },
    "mochawesome": {
      "options": {
        "quiet": false,
        "reportFilename": "report",
        "saveHtml": true,
        "saveJson": true,
        "consoleReporter": "spec",
        "useInlineDiffs": false
      },
      "version": "4.1.0"
    },
    "marge": {
      "options": {
        "charts": false,
        "html": true,
        "json": true,
        "reportDir": "cypress/reports",
        "reportFilename": "report",
        "overwrite": true,
        "timestamp": "mmddyyyy_HHMMss"
      },
      "version": "4.1.0"
    }
  }
}